<?xml version="1.0" encoding="UTF-8"?>
<testsuite name="tests.WebQuizEngineTest" tests="1" skipped="0" failures="1" errors="0" timestamp="2021-03-16T12:02:01" hostname="ddk-GL703VD" time="1.958">
  <properties/>
  <testcase name="start" classname="tests.WebQuizEngineTest" time="1.958">
    <failure message="java.lang.AssertionError: Exception in test #1&#10;&#10;Cannot start Spring application&#10;Make sure that no other Spring application is running at the moment.&#10;&#10;org.springframework.boot.web.server.PortInUseException: Port 8889 is already in use&#10;&#9;at org.springframework.boot.web.embedded.tomcat.TomcatWebServer.start(TomcatWebServer.java:213)&#10;&#9;at org.springframework.boot.web.servlet.context.ServletWebServerApplicationContext.startWebServer(ServletWebServerApplicationContext.java:297)&#10;&#9;at org.springframework.boot.web.servlet.context.ServletWebServerApplicationContext.finishRefresh(ServletWebServerApplicationContext.java:163)&#10;&#9;at org.springframework.context.support.AbstractApplicationContext.refresh(AbstractApplicationContext.java:553)&#10;&#9;at org.springframework.boot.web.servlet.context.ServletWebServerApplicationContext.refresh(ServletWebServerApplicationContext.java:141)&#10;&#9;at org.springframework.boot.SpringApplication.refresh(SpringApplication.java:747)&#10;&#9;at org.springframework.boot.SpringApplication.refreshContext(SpringApplication.java:397)&#10;&#9;at org.springframework.boot.SpringApplication.run(SpringApplication.java:315)&#10;&#9;at org.springframework.boot.SpringApplication.run(SpringApplication.java:1226)&#10;&#9;at org.springframework.boot.SpringApplication.run(SpringApplication.java:1215)&#10;&#9;at engine.WebQuizEngine.main(WebQuizEngine.java:10)&#10;&#10;Please find below the output of your program during this failed test.&#10;&#10;---&#10;&#10;&#10;  .   ____          _            __ _ _&#10; /\\ / ___'_ __ _ _(_)_ __  __ _ \ \ \ \&#10;( ( )\___ | '_ | '_| | '_ \/ _` | \ \ \ \&#10; \\/  ___)| |_)| | | | | || (_| |  ) ) ) )&#10;  '  |____| .__|_| |_|_| |_\__, | / / / /&#10; =========|_|==============|___/=/_/_/_/&#10; :: Spring Boot ::        (v2.2.2.RELEASE)&#10;&#10;2021-03-16 15:02:01.719  INFO 1232290 --- [    Test worker] engine.WebQuizEngine                     : Starting WebQuizEngine on ddk-GL703VD with PID 1232290 (started by ddk in /home/ddk/IdeaProjects/Web Quiz Engine/Web Quiz Engine/task)&#10;2021-03-16 15:02:01.722  INFO 1232290 --- [    Test worker] engine.WebQuizEngine                     : No active profile set, falling back to default profiles: default&#10;2021-03-16 15:02:02.628  INFO 1232290 --- [    Test worker] o.s.b.w.embedded.tomcat.TomcatWebServer  : Tomcat initialized with port(s): 8889 (http)&#10;2021-03-16 15:02:02.638  INFO 1232290 --- [    Test worker] o.apache.catalina.core.StandardService   : Starting service [Tomcat]&#10;2021-03-16 15:02:02.638  INFO 1232290 --- [    Test worker] org.apache.catalina.core.StandardEngine  : Starting Servlet engine: [Apache Tomcat/9.0.29]&#10;2021-03-16 15:02:02.725  INFO 1232290 --- [    Test worker] o.a.c.c.C.[Tomcat].[localhost].[/]       : Initializing Spring embedded WebApplicationContext&#10;2021-03-16 15:02:02.725  INFO 1232290 --- [    Test worker] o.s.web.context.ContextLoader            : Root WebApplicationContext: initialization completed in 956 ms&#10;2021-03-16 15:02:02.982  INFO 1232290 --- [    Test worker] o.s.s.concurrent.ThreadPoolTaskExecutor  : Initializing ExecutorService 'applicationTaskExecutor'&#10;2021-03-16 15:02:03.140  INFO 1232290 --- [    Test worker] o.s.b.a.e.web.EndpointLinksResolver      : Exposing 14 endpoint(s) beneath base path '/actuator'&#10;2021-03-16 15:02:03.171  INFO 1232290 --- [    Test worker] o.apache.catalina.core.StandardService   : Stopping service [Tomcat]&#10;2021-03-16 15:02:03.184  INFO 1232290 --- [    Test worker] ConditionEvaluationReportLoggingListener : &#10;&#10;Error starting ApplicationContext. To display the conditions report re-run your application with 'debug' enabled.&#10;2021-03-16 15:02:03.186 ERROR 1232290 --- [    Test worker] o.s.b.d.LoggingFailureAnalysisReporter   : &#10;&#10;***************************&#10;APPLICATION FAILED TO START&#10;***************************&#10;&#10;Description:&#10;&#10;Web server failed to start. Port 8889 was already in use.&#10;&#10;Action:&#10;&#10;Identify and stop the process that's listening on port 8889 or configure this application to listen on another port.&#10;&#10;2021-03-16 15:02:03.189  INFO 1232290 --- [    Test worker] o.s.s.concurrent.ThreadPoolTaskExecutor  : Shutting down ExecutorService 'applicationTaskExecutor'" type="java.lang.AssertionError">java.lang.AssertionError: Exception in test #1

Cannot start Spring application
Make sure that no other Spring application is running at the moment.

org.springframework.boot.web.server.PortInUseException: Port 8889 is already in use
	at org.springframework.boot.web.embedded.tomcat.TomcatWebServer.start(TomcatWebServer.java:213)
	at org.springframework.boot.web.servlet.context.ServletWebServerApplicationContext.startWebServer(ServletWebServerApplicationContext.java:297)
	at org.springframework.boot.web.servlet.context.ServletWebServerApplicationContext.finishRefresh(ServletWebServerApplicationContext.java:163)
	at org.springframework.context.support.AbstractApplicationContext.refresh(AbstractApplicationContext.java:553)
	at org.springframework.boot.web.servlet.context.ServletWebServerApplicationContext.refresh(ServletWebServerApplicationContext.java:141)
	at org.springframework.boot.SpringApplication.refresh(SpringApplication.java:747)
	at org.springframework.boot.SpringApplication.refreshContext(SpringApplication.java:397)
	at org.springframework.boot.SpringApplication.run(SpringApplication.java:315)
	at org.springframework.boot.SpringApplication.run(SpringApplication.java:1226)
	at org.springframework.boot.SpringApplication.run(SpringApplication.java:1215)
	at engine.WebQuizEngine.main(WebQuizEngine.java:10)

Please find below the output of your program during this failed test.

---


  .   ____          _            __ _ _
 /\\ / ___'_ __ _ _(_)_ __  __ _ \ \ \ \
( ( )\___ | '_ | '_| | '_ \/ _` | \ \ \ \
 \\/  ___)| |_)| | | | | || (_| |  ) ) ) )
  '  |____| .__|_| |_|_| |_\__, | / / / /
 =========|_|==============|___/=/_/_/_/
 :: Spring Boot ::        (v2.2.2.RELEASE)

2021-03-16 15:02:01.719  INFO 1232290 --- [    Test worker] engine.WebQuizEngine                     : Starting WebQuizEngine on ddk-GL703VD with PID 1232290 (started by ddk in /home/ddk/IdeaProjects/Web Quiz Engine/Web Quiz Engine/task)
2021-03-16 15:02:01.722  INFO 1232290 --- [    Test worker] engine.WebQuizEngine                     : No active profile set, falling back to default profiles: default
2021-03-16 15:02:02.628  INFO 1232290 --- [    Test worker] o.s.b.w.embedded.tomcat.TomcatWebServer  : Tomcat initialized with port(s): 8889 (http)
2021-03-16 15:02:02.638  INFO 1232290 --- [    Test worker] o.apache.catalina.core.StandardService   : Starting service [Tomcat]
2021-03-16 15:02:02.638  INFO 1232290 --- [    Test worker] org.apache.catalina.core.StandardEngine  : Starting Servlet engine: [Apache Tomcat/9.0.29]
2021-03-16 15:02:02.725  INFO 1232290 --- [    Test worker] o.a.c.c.C.[Tomcat].[localhost].[/]       : Initializing Spring embedded WebApplicationContext
2021-03-16 15:02:02.725  INFO 1232290 --- [    Test worker] o.s.web.context.ContextLoader            : Root WebApplicationContext: initialization completed in 956 ms
2021-03-16 15:02:02.982  INFO 1232290 --- [    Test worker] o.s.s.concurrent.ThreadPoolTaskExecutor  : Initializing ExecutorService 'applicationTaskExecutor'
2021-03-16 15:02:03.140  INFO 1232290 --- [    Test worker] o.s.b.a.e.web.EndpointLinksResolver      : Exposing 14 endpoint(s) beneath base path '/actuator'
2021-03-16 15:02:03.171  INFO 1232290 --- [    Test worker] o.apache.catalina.core.StandardService   : Stopping service [Tomcat]
2021-03-16 15:02:03.184  INFO 1232290 --- [    Test worker] ConditionEvaluationReportLoggingListener : 

Error starting ApplicationContext. To display the conditions report re-run your application with 'debug' enabled.
2021-03-16 15:02:03.186 ERROR 1232290 --- [    Test worker] o.s.b.d.LoggingFailureAnalysisReporter   : 

***************************
APPLICATION FAILED TO START
***************************

Description:

Web server failed to start. Port 8889 was already in use.

Action:

Identify and stop the process that's listening on port 8889 or configure this application to listen on another port.

2021-03-16 15:02:03.189  INFO 1232290 --- [    Test worker] o.s.s.concurrent.ThreadPoolTaskExecutor  : Shutting down ExecutorService 'applicationTaskExecutor'
	at org.junit.Assert.fail(Assert.java:88)
	at org.hyperskill.hstest.stage.StageTest.start(StageTest.java:131)
	at java.base/jdk.internal.reflect.NativeMethodAccessorImpl.invoke0(Native Method)
	at java.base/jdk.internal.reflect.NativeMethodAccessorImpl.invoke(NativeMethodAccessorImpl.java:62)
	at java.base/jdk.internal.reflect.DelegatingMethodAccessorImpl.invoke(DelegatingMethodAccessorImpl.java:43)
	at java.base/java.lang.reflect.Method.invoke(Method.java:566)
	at org.junit.runners.model.FrameworkMethod$1.runReflectiveCall(FrameworkMethod.java:50)
	at org.junit.internal.runners.model.ReflectiveCallable.run(ReflectiveCallable.java:12)
	at org.junit.runners.model.FrameworkMethod.invokeExplosively(FrameworkMethod.java:47)
	at org.junit.internal.runners.statements.InvokeMethod.evaluate(InvokeMethod.java:17)
	at org.junit.internal.runners.statements.RunAfters.evaluate(RunAfters.java:27)
	at org.junit.runners.ParentRunner.runLeaf(ParentRunner.java:325)
	at org.junit.runners.BlockJUnit4ClassRunner.runChild(BlockJUnit4ClassRunner.java:78)
	at org.junit.runners.BlockJUnit4ClassRunner.runChild(BlockJUnit4ClassRunner.java:57)
	at org.junit.runners.ParentRunner$3.run(ParentRunner.java:290)
	at org.junit.runners.ParentRunner$1.schedule(ParentRunner.java:71)
	at org.junit.runners.ParentRunner.runChildren(ParentRunner.java:288)
	at org.junit.runners.ParentRunner.access$000(ParentRunner.java:58)
	at org.junit.runners.ParentRunner$2.evaluate(ParentRunner.java:268)
	at org.junit.runners.ParentRunner.run(ParentRunner.java:363)
	at org.gradle.api.internal.tasks.testing.junit.JUnitTestClassExecutor.runTestClass(JUnitTestClassExecutor.java:110)
	at org.gradle.api.internal.tasks.testing.junit.JUnitTestClassExecutor.execute(JUnitTestClassExecutor.java:58)
	at org.gradle.api.internal.tasks.testing.junit.JUnitTestClassExecutor.execute(JUnitTestClassExecutor.java:38)
	at org.gradle.api.internal.tasks.testing.junit.AbstractJUnitTestClassProcessor.processTestClass(AbstractJUnitTestClassProcessor.java:62)
	at org.gradle.api.internal.tasks.testing.SuiteTestClassProcessor.processTestClass(SuiteTestClassProcessor.java:51)
	at java.base/jdk.internal.reflect.NativeMethodAccessorImpl.invoke0(Native Method)
	at java.base/jdk.internal.reflect.NativeMethodAccessorImpl.invoke(NativeMethodAccessorImpl.java:62)
	at java.base/jdk.internal.reflect.DelegatingMethodAccessorImpl.invoke(DelegatingMethodAccessorImpl.java:43)
	at java.base/java.lang.reflect.Method.invoke(Method.java:566)
	at org.gradle.internal.dispatch.ReflectionDispatch.dispatch(ReflectionDispatch.java:36)
	at org.gradle.internal.dispatch.ReflectionDispatch.dispatch(ReflectionDispatch.java:24)
	at org.gradle.internal.dispatch.ContextClassLoaderDispatch.dispatch(ContextClassLoaderDispatch.java:33)
	at org.gradle.internal.dispatch.ProxyDispatchAdapter$DispatchingInvocationHandler.invoke(ProxyDispatchAdapter.java:94)
	at com.sun.proxy.$Proxy2.processTestClass(Unknown Source)
	at org.gradle.api.internal.tasks.testing.worker.TestWorker.processTestClass(TestWorker.java:119)
	at java.base/jdk.internal.reflect.NativeMethodAccessorImpl.invoke0(Native Method)
	at java.base/jdk.internal.reflect.NativeMethodAccessorImpl.invoke(NativeMethodAccessorImpl.java:62)
	at java.base/jdk.internal.reflect.DelegatingMethodAccessorImpl.invoke(DelegatingMethodAccessorImpl.java:43)
	at java.base/java.lang.reflect.Method.invoke(Method.java:566)
	at org.gradle.internal.dispatch.ReflectionDispatch.dispatch(ReflectionDispatch.java:36)
	at org.gradle.internal.dispatch.ReflectionDispatch.dispatch(ReflectionDispatch.java:24)
	at org.gradle.internal.remote.internal.hub.MessageHubBackedObjectConnection$DispatchWrapper.dispatch(MessageHubBackedObjectConnection.java:182)
	at org.gradle.internal.remote.internal.hub.MessageHubBackedObjectConnection$DispatchWrapper.dispatch(MessageHubBackedObjectConnection.java:164)
	at org.gradle.internal.remote.internal.hub.MessageHub$Handler.run(MessageHub.java:414)
	at org.gradle.internal.concurrent.ExecutorPolicy$CatchAndRecordFailures.onExecute(ExecutorPolicy.java:64)
	at org.gradle.internal.concurrent.ManagedExecutorImpl$1.run(ManagedExecutorImpl.java:48)
	at java.base/java.util.concurrent.ThreadPoolExecutor.runWorker(ThreadPoolExecutor.java:1128)
	at java.base/java.util.concurrent.ThreadPoolExecutor$Worker.run(ThreadPoolExecutor.java:628)
	at org.gradle.internal.concurrent.ThreadFactoryImpl$ManagedThreadRunnable.run(ThreadFactoryImpl.java:56)
	at java.base/java.lang.Thread.run(Thread.java:834)
</failure>
  </testcase>
  <system-out><![CDATA[?[1;31m
Start test 1?[0m

  .   ____          _            __ _ _
 /\\ / ___'_ __ _ _(_)_ __  __ _ \ \ \ \
( ( )\___ | '_ | '_| | '_ \/ _` | \ \ \ \
 \\/  ___)| |_)| | | | | || (_| |  ) ) ) )
  '  |____| .__|_| |_|_| |_\__, | / / / /
 =========|_|==============|___/=/_/_/_/
 :: Spring Boot ::        (v2.2.2.RELEASE)

2021-03-16 15:02:01.719  INFO 1232290 --- [    Test worker] engine.WebQuizEngine                     : Starting WebQuizEngine on ddk-GL703VD with PID 1232290 (started by ddk in /home/ddk/IdeaProjects/Web Quiz Engine/Web Quiz Engine/task)
2021-03-16 15:02:01.722  INFO 1232290 --- [    Test worker] engine.WebQuizEngine                     : No active profile set, falling back to default profiles: default
2021-03-16 15:02:02.628  INFO 1232290 --- [    Test worker] o.s.b.w.embedded.tomcat.TomcatWebServer  : Tomcat initialized with port(s): 8889 (http)
2021-03-16 15:02:02.638  INFO 1232290 --- [    Test worker] o.apache.catalina.core.StandardService   : Starting service [Tomcat]
2021-03-16 15:02:02.638  INFO 1232290 --- [    Test worker] org.apache.catalina.core.StandardEngine  : Starting Servlet engine: [Apache Tomcat/9.0.29]
2021-03-16 15:02:02.725  INFO 1232290 --- [    Test worker] o.a.c.c.C.[Tomcat].[localhost].[/]       : Initializing Spring embedded WebApplicationContext
2021-03-16 15:02:02.725  INFO 1232290 --- [    Test worker] o.s.web.context.ContextLoader            : Root WebApplicationContext: initialization completed in 956 ms
2021-03-16 15:02:02.982  INFO 1232290 --- [    Test worker] o.s.s.concurrent.ThreadPoolTaskExecutor  : Initializing ExecutorService 'applicationTaskExecutor'
2021-03-16 15:02:03.140  INFO 1232290 --- [    Test worker] o.s.b.a.e.web.EndpointLinksResolver      : Exposing 14 endpoint(s) beneath base path '/actuator'
2021-03-16 15:02:03.171  INFO 1232290 --- [    Test worker] o.apache.catalina.core.StandardService   : Stopping service [Tomcat]
2021-03-16 15:02:03.184  INFO 1232290 --- [    Test worker] ConditionEvaluationReportLoggingListener : 

Error starting ApplicationContext. To display the conditions report re-run your application with 'debug' enabled.
2021-03-16 15:02:03.186 ERROR 1232290 --- [    Test worker] o.s.b.d.LoggingFailureAnalysisReporter   : 

***************************
APPLICATION FAILED TO START
***************************

Description:

Web server failed to start. Port 8889 was already in use.

Action:

Identify and stop the process that's listening on port 8889 or configure this application to listen on another port.

2021-03-16 15:02:03.189  INFO 1232290 --- [    Test worker] o.s.s.concurrent.ThreadPoolTaskExecutor  : Shutting down ExecutorService 'applicationTaskExecutor'
]]></system-out>
  <system-err><![CDATA[]]></system-err>
</testsuite>
